$ next dev --webpack
⚠ Warning: Next.js inferred your workspace root, but it may not be correct.
 We detected multiple lockfiles and selected the directory of C:\Users\Conrad\yarn.lock as the root directory.
 To silence this warning, set `outputFileTracingRoot` in your Next.js config, or consider removing one of the lockfiles if it's not needed.
   See https://nextjs.org/docs/app/api-reference/config/next-config-js/output#caveats for more information.
 Detected additional lockfiles: 
   * C:\Users\Conrad\orchids-projects\Asym-Orchids-v0.1\package-lock.json

▲ Next.js 16.1.0 (webpack)
- Local:         http://localhost:3000
- Network:       http://10.2.0.2:3000
- Environments: .env.local

✓ Starting...
⚠ The "middleware" file convention is deprecated. Please use "proxy" instead. Learn more: https://nextjs.org/docs/messages/middleware-to-proxy
⚠ ./node_modules/@opentelemetry/instrumentation/build/esm/platform/node/instrumentation.js
Critical dependency: the request of a dependency is an expression

Import trace for requested module:
./node_modules/@opentelemetry/instrumentation/build/esm/platform/node/instrumentation.js
./node_modules/@opentelemetry/instrumentation/build/esm/platform/node/index.js
./node_modules/@opentelemetry/instrumentation/build/esm/platform/index.js
./node_modules/@opentelemetry/instrumentation/build/esm/index.js
./node_modules/@sentry/opentelemetry/build/cjs/index.js
./node_modules/@sentry/nextjs/build/cjs/server/index.js
./node_modules/@sentry/nextjs/build/cjs/index.server.js
Sentry DSN not configured
✓ Ready in 4.4s
○ Compiling /instrumentation ...
⚠ ./node_modules/@opentelemetry/instrumentation/build/esm/platform/node/instrumentation.js
Critical dependency: the request of a dependency is an expression

Import trace for requested module:
./node_modules/@opentelemetry/instrumentation/build/esm/platform/node/instrumentation.js
./node_modules/@opentelemetry/instrumentation/build/esm/platform/node/index.js
./node_modules/@opentelemetry/instrumentation/build/esm/platform/index.js
./node_modules/@opentelemetry/instrumentation/build/esm/index.js
./node_modules/@sentry/opentelemetry/build/cjs/index.js
./node_modules/@sentry/nextjs/build/cjs/server/index.js
./node_modules/@sentry/nextjs/build/cjs/index.server.js
⚠ ./node_modules/@opentelemetry/instrumentation/build/esm/platform/node/instrumentation.js
Critical dependency: the request of a dependency is an expression

Import trace for requested module:
./node_modules/@opentelemetry/instrumentation/build/esm/platform/node/instrumentation.js
./node_modules/@opentelemetry/instrumentation/build/esm/platform/node/index.js
./node_modules/@opentelemetry/instrumentation/build/esm/platform/index.js
./node_modules/@opentelemetry/instrumentation/build/esm/index.js
./node_modules/@sentry/opentelemetry/build/cjs/index.js
./node_modules/@sentry/nextjs/build/cjs/server/index.js
./node_modules/@sentry/nextjs/build/cjs/index.server.js
Sentry DSN not configured
⚠ ./node_modules/@opentelemetry/instrumentation/build/esm/platform/node/instrumentation.js
Critical dependency: the request of a dependency is an expression

Import trace for requested module:
./node_modules/@opentelemetry/instrumentation/build/esm/platform/node/instrumentation.js
./node_modules/@opentelemetry/instrumentation/build/esm/platform/node/index.js
./node_modules/@opentelemetry/instrumentation/build/esm/platform/index.js
./node_modules/@opentelemetry/instrumentation/build/esm/index.js
./node_modules/@sentry/opentelemetry/build/cjs/index.js
./node_modules/@sentry/nextjs/build/cjs/server/index.js
./node_modules/@sentry/nextjs/build/cjs/index.server.js
⚠ ./node_modules/@opentelemetry/instrumentation/build/esm/platform/node/instrumentation.js
Critical dependency: the request of a dependency is an expression

Import trace for requested module:
./node_modules/@opentelemetry/instrumentation/build/esm/platform/node/instrumentation.js
./node_modules/@opentelemetry/instrumentation/build/esm/platform/node/index.js
./node_modules/@opentelemetry/instrumentation/build/esm/platform/index.js
./node_modules/@opentelemetry/instrumentation/build/esm/index.js
./node_modules/@sentry/opentelemetry/build/cjs/index.js
./node_modules/@sentry/nextjs/build/cjs/server/index.js
./node_modules/@sentry/nextjs/build/cjs/index.server.js
./src/app/global-error.tsx

./node_modules/@opentelemetry/instrumentation-http/node_modules/@opentelemetry/instrumentation/build/esm/platform/node/instrumentation.js
Critical dependency: the request of a dependency is an expression

Import trace for requested module:
./node_modules/@opentelemetry/instrumentation-http/node_modules/@opentelemetry/instrumentation/build/esm/platform/node/instrumentation.js
./node_modules/@opentelemetry/instrumentation-http/node_modules/@opentelemetry/instrumentation/build/esm/platform/node/index.js
./node_modules/@opentelemetry/instrumentation-http/node_modules/@opentelemetry/instrumentation/build/esm/platform/index.js
./node_modules/@opentelemetry/instrumentation-http/node_modules/@opentelemetry/instrumentation/build/esm/index.js
./node_modules/@opentelemetry/instrumentation-http/build/src/http.js
./node_modules/@opentelemetry/instrumentation-http/build/src/index.js
./node_modules/@sentry/node/build/cjs/integrations/http/index.js
./node_modules/@sentry/node/build/cjs/index.js
./node_modules/@sentry/nextjs/build/cjs/index.server.js

./node_modules/@prisma/instrumentation/node_modules/@opentelemetry/instrumentation/build/esm/platform/node/instrumentation.js
Critical dependency: the request of a dependency is an expression

Import trace for requested module:
./node_modules/@prisma/instrumentation/node_modules/@opentelemetry/instrumentation/build/esm/platform/node/instrumentation.js
./node_modules/@prisma/instrumentation/node_modules/@opentelemetry/instrumentation/build/esm/platform/node/index.js
./node_modules/@prisma/instrumentation/node_modules/@opentelemetry/instrumentation/build/esm/platform/index.js
./node_modules/@prisma/instrumentation/node_modules/@opentelemetry/instrumentation/build/esm/index.js
./node_modules/@prisma/instrumentation/dist/chunk-PVBRMQBZ.js
./node_modules/@prisma/instrumentation/dist/index.js
./node_modules/@sentry/node/build/cjs/integrations/tracing/prisma.js
./node_modules/@sentry/node/build/cjs/index.js
./node_modules/@sentry/nextjs/build/cjs/index.server.js
 HEAD / 200 in 8.9s (compile: 8.3s, proxy.ts: 161ms, render: 455ms)
⚠ Found a change in next.config.ts. Restarting the server to apply the changes...
⚠ Warning: Next.js inferred your workspace root, but it may not be correct.
 We detected multiple lockfiles and selected the directory of C:\Users\Conrad\yarn.lock as the root directory.
 To silence this warning, set `outputFileTracingRoot` in your Next.js config, or consider removing one of the lockfiles if it's not needed.
   See https://nextjs.org/docs/app/api-reference/config/next-config-js/output#caveats for more information.
 Detected additional lockfiles: 
   * C:\Users\Conrad\orchids-projects\Asym-Orchids-v0.1\package-lock.json

▲ Next.js 16.1.0 (webpack)
- Local:         http://localhost:3000
- Network:       http://10.2.0.2:3000
- Environments: .env.local

✓ Starting...
⚠ The "middleware" file convention is deprecated. Please use "proxy" instead. Learn more: https://nextjs.org/docs/messages/middleware-to-proxy
⚠ ./node_modules/@opentelemetry/instrumentation/build/esm/platform/node/instrumentation.js
Critical dependency: the request of a dependency is an expression

Import trace for requested module:
./node_modules/@opentelemetry/instrumentation/build/esm/platform/node/instrumentation.js
./node_modules/@opentelemetry/instrumentation/build/esm/platform/node/index.js
./node_modules/@opentelemetry/instrumentation/build/esm/platform/index.js
./node_modules/@opentelemetry/instrumentation/build/esm/index.js
./node_modules/@sentry/node/build/cjs/integrations/node-fetch.js
./node_modules/@sentry/node/build/cjs/index.js
./node_modules/@sentry/nextjs/build/cjs/index.server.js
Sentry DSN not configured
✓ Ready in 3.1s
○ Compiling /instrumentation ...
⚠ ./node_modules/@opentelemetry/instrumentation/build/esm/platform/node/instrumentation.js
Critical dependency: the request of a dependency is an expression

Import trace for requested module:
./node_modules/@opentelemetry/instrumentation/build/esm/platform/node/instrumentation.js
./node_modules/@opentelemetry/instrumentation/build/esm/platform/node/index.js
./node_modules/@opentelemetry/instrumentation/build/esm/platform/index.js
./node_modules/@opentelemetry/instrumentation/build/esm/index.js
./node_modules/@sentry/node/build/cjs/integrations/node-fetch.js
./node_modules/@sentry/node/build/cjs/index.js
./node_modules/@sentry/nextjs/build/cjs/index.server.js
⚠ ./node_modules/@opentelemetry/instrumentation/build/esm/platform/node/instrumentation.js
Critical dependency: the request of a dependency is an expression

Import trace for requested module:
./node_modules/@opentelemetry/instrumentation/build/esm/platform/node/instrumentation.js
./node_modules/@opentelemetry/instrumentation/build/esm/platform/node/index.js
./node_modules/@opentelemetry/instrumentation/build/esm/platform/index.js
./node_modules/@opentelemetry/instrumentation/build/esm/index.js
./node_modules/@sentry/node/build/cjs/integrations/node-fetch.js
./node_modules/@sentry/node/build/cjs/index.js
./node_modules/@sentry/nextjs/build/cjs/index.server.js
Sentry DSN not configured
<w> [webpack.cache.PackFileCacheStrategy] Serializing big strings (129kiB) impacts deserialization performance (consider using Buffer instead and decode when needed)
⚠ Found a change in next.config.ts. Restarting the server to apply the changes...
⚠ Invalid next.config.ts options detected: 
⚠     Unrecognized key(s) in object: 'turbopack' at "experimental"
⚠ See more info here: https://nextjs.org/docs/messages/invalid-next-config
⚠ Warning: Next.js inferred your workspace root, but it may not be correct.
 We detected multiple lockfiles and selected the directory of C:\Users\Conrad\yarn.lock as the root directory.
 To silence this warning, set `outputFileTracingRoot` in your Next.js config, or consider removing one of the lockfiles if it's not needed.
   See https://nextjs.org/docs/app/api-reference/config/next-config-js/output#caveats for more information.
 Detected additional lockfiles: 
   * C:\Users\Conrad\orchids-projects\Asym-Orchids-v0.1\package-lock.json

▲ Next.js 16.1.0 (webpack)
- Local:         http://localhost:3000
- Network:       http://10.2.0.2:3000
- Environments: .env.local

✓ Starting...
⚠ The "middleware" file convention is deprecated. Please use "proxy" instead. Learn more: https://nextjs.org/docs/messages/middleware-to-proxy
⚠ ./node_modules/@opentelemetry/instrumentation/build/esm/platform/node/instrumentation.js
Critical dependency: the request of a dependency is an expression

Import trace for requested module:
./node_modules/@opentelemetry/instrumentation/build/esm/platform/node/instrumentation.js
./node_modules/@opentelemetry/instrumentation/build/esm/platform/node/index.js
./node_modules/@opentelemetry/instrumentation/build/esm/platform/index.js
./node_modules/@opentelemetry/instrumentation/build/esm/index.js
./node_modules/@sentry/opentelemetry/build/cjs/index.js
./node_modules/@sentry/nextjs/build/cjs/server/index.js
./node_modules/@sentry/nextjs/build/cjs/index.server.js
Sentry DSN not configured
✓ Ready in 3.2s
<w> [webpack.cache.PackFileCacheStrategy] Serializing big strings (129kiB) impacts deserialization performance (consider using Buffer instead and decode when needed)
○ Compiling /instrumentation ...
⚠ ./node_modules/@opentelemetry/instrumentation/build/esm/platform/node/instrumentation.js
Critical dependency: the request of a dependency is an expression

Import trace for requested module:
./node_modules/@opentelemetry/instrumentation/build/esm/platform/node/instrumentation.js
./node_modules/@opentelemetry/instrumentation/build/esm/platform/node/index.js
./node_modules/@opentelemetry/instrumentation/build/esm/platform/index.js
./node_modules/@opentelemetry/instrumentation/build/esm/index.js
./node_modules/@sentry/opentelemetry/build/cjs/index.js
./node_modules/@sentry/nextjs/build/cjs/server/index.js
./node_modules/@sentry/nextjs/build/cjs/index.server.js
⚠ ./node_modules/@opentelemetry/instrumentation/build/esm/platform/node/instrumentation.js
Critical dependency: the request of a dependency is an expression

Import trace for requested module:
./node_modules/@opentelemetry/instrumentation/build/esm/platform/node/instrumentation.js
./node_modules/@opentelemetry/instrumentation/build/esm/platform/node/index.js
./node_modules/@opentelemetry/instrumentation/build/esm/platform/index.js
./node_modules/@opentelemetry/instrumentation/build/esm/index.js
./node_modules/@sentry/opentelemetry/build/cjs/index.js
./node_modules/@sentry/nextjs/build/cjs/server/index.js
./node_modules/@sentry/nextjs/build/cjs/index.server.js
Sentry DSN not configured
⚠ ./node_modules/@opentelemetry/instrumentation/build/esm/platform/node/instrumentation.js
Critical dependency: the request of a dependency is an expression

Import trace for requested module:
./node_modules/@opentelemetry/instrumentation/build/esm/platform/node/instrumentation.js
./node_modules/@opentelemetry/instrumentation/build/esm/platform/node/index.js
./node_modules/@opentelemetry/instrumentation/build/esm/platform/index.js
./node_modules/@opentelemetry/instrumentation/build/esm/index.js
./node_modules/@sentry/opentelemetry/build/cjs/index.js
./node_modules/@sentry/nextjs/build/cjs/server/index.js
./node_modules/@sentry/nextjs/build/cjs/index.server.js
⚠ ./node_modules/@opentelemetry/instrumentation/build/esm/platform/node/instrumentation.js
Critical dependency: the request of a dependency is an expression

Import trace for requested module:
./node_modules/@opentelemetry/instrumentation/build/esm/platform/node/instrumentation.js
./node_modules/@opentelemetry/instrumentation/build/esm/platform/node/index.js
./node_modules/@opentelemetry/instrumentation/build/esm/platform/index.js
./node_modules/@opentelemetry/instrumentation/build/esm/index.js
./node_modules/@sentry/opentelemetry/build/cjs/index.js
./node_modules/@sentry/nextjs/build/cjs/server/index.js
./node_modules/@sentry/nextjs/build/cjs/index.server.js
./src/app/global-error.tsx

./node_modules/@opentelemetry/instrumentation-http/node_modules/@opentelemetry/instrumentation/build/esm/platform/node/instrumentation.js
Critical dependency: the request of a dependency is an expression

Import trace for requested module:
./node_modules/@opentelemetry/instrumentation-http/node_modules/@opentelemetry/instrumentation/build/esm/platform/node/instrumentation.js
./node_modules/@opentelemetry/instrumentation-http/node_modules/@opentelemetry/instrumentation/build/esm/platform/node/index.js
./node_modules/@opentelemetry/instrumentation-http/node_modules/@opentelemetry/instrumentation/build/esm/platform/index.js
./node_modules/@opentelemetry/instrumentation-http/node_modules/@opentelemetry/instrumentation/build/esm/index.js
./node_modules/@opentelemetry/instrumentation-http/build/src/http.js
./node_modules/@opentelemetry/instrumentation-http/build/src/index.js
./node_modules/@sentry/node/build/cjs/integrations/http/index.js
./node_modules/@sentry/node/build/cjs/index.js
./node_modules/@sentry/nextjs/build/cjs/index.server.js

./node_modules/@prisma/instrumentation/node_modules/@opentelemetry/instrumentation/build/esm/platform/node/instrumentation.js
Critical dependency: the request of a dependency is an expression

Import trace for requested module:
./node_modules/@prisma/instrumentation/node_modules/@opentelemetry/instrumentation/build/esm/platform/node/instrumentation.js
./node_modules/@prisma/instrumentation/node_modules/@opentelemetry/instrumentation/build/esm/platform/node/index.js
./node_modules/@prisma/instrumentation/node_modules/@opentelemetry/instrumentation/build/esm/platform/index.js
./node_modules/@prisma/instrumentation/node_modules/@opentelemetry/instrumentation/build/esm/index.js
./node_modules/@prisma/instrumentation/dist/chunk-PVBRMQBZ.js
./node_modules/@prisma/instrumentation/dist/index.js
./node_modules/@sentry/node/build/cjs/integrations/tracing/prisma.js
./node_modules/@sentry/node/build/cjs/index.js
./node_modules/@sentry/nextjs/build/cjs/index.server.js
 GET / 200 in 5.8s (compile: 3.4s, proxy.ts: 1968ms, render: 474ms)
 GET / 200 in 603ms (compile: 4ms, proxy.ts: 547ms, render: 51ms)
⚠ ./node_modules/@opentelemetry/instrumentation/build/esm/platform/node/instrumentation.js
Critical dependency: the request of a dependency is an expression

Import trace for requested module:
./node_modules/@opentelemetry/instrumentation/build/esm/platform/node/instrumentation.js
./node_modules/@opentelemetry/instrumentation/build/esm/platform/node/index.js
./node_modules/@opentelemetry/instrumentation/build/esm/platform/index.js
./node_modules/@opentelemetry/instrumentation/build/esm/index.js
./node_modules/@sentry/opentelemetry/build/cjs/index.js
./node_modules/@sentry/nextjs/build/cjs/server/index.js
./node_modules/@sentry/nextjs/build/cjs/index.server.js
./src/app/global-error.tsx

./node_modules/@opentelemetry/instrumentation-http/node_modules/@opentelemetry/instrumentation/build/esm/platform/node/instrumentation.js
Critical dependency: the request of a dependency is an expression

Import trace for requested module:
./node_modules/@opentelemetry/instrumentation-http/node_modules/@opentelemetry/instrumentation/build/esm/platform/node/instrumentation.js
./node_modules/@opentelemetry/instrumentation-http/node_modules/@opentelemetry/instrumentation/build/esm/platform/node/index.js
./node_modules/@opentelemetry/instrumentation-http/node_modules/@opentelemetry/instrumentation/build/esm/platform/index.js
./node_modules/@opentelemetry/instrumentation-http/node_modules/@opentelemetry/instrumentation/build/esm/index.js
./node_modules/@opentelemetry/instrumentation-http/build/src/http.js
./node_modules/@opentelemetry/instrumentation-http/build/src/index.js
./node_modules/@sentry/node/build/cjs/integrations/http/index.js
./node_modules/@sentry/node/build/cjs/index.js
./node_modules/@sentry/nextjs/build/cjs/index.server.js

./node_modules/@prisma/instrumentation/node_modules/@opentelemetry/instrumentation/build/esm/platform/node/instrumentation.js
Critical dependency: the request of a dependency is an expression

Import trace for requested module:
./node_modules/@prisma/instrumentation/node_modules/@opentelemetry/instrumentation/build/esm/platform/node/instrumentation.js
./node_modules/@prisma/instrumentation/node_modules/@opentelemetry/instrumentation/build/esm/platform/node/index.js
./node_modules/@prisma/instrumentation/node_modules/@opentelemetry/instrumentation/build/esm/platform/index.js
./node_modules/@prisma/instrumentation/node_modules/@opentelemetry/instrumentation/build/esm/index.js
./node_modules/@prisma/instrumentation/dist/chunk-PVBRMQBZ.js
./node_modules/@prisma/instrumentation/dist/index.js
./node_modules/@sentry/node/build/cjs/integrations/tracing/prisma.js
./node_modules/@sentry/node/build/cjs/index.js
./node_modules/@sentry/nextjs/build/cjs/index.server.js
⚠ ./node_modules/@opentelemetry/instrumentation/build/esm/platform/node/instrumentation.js
Critical dependency: the request of a dependency is an expression

Import trace for requested module:
./node_modules/@opentelemetry/instrumentation/build/esm/platform/node/instrumentation.js
./node_modules/@opentelemetry/instrumentation/build/esm/platform/node/index.js
./node_modules/@opentelemetry/instrumentation/build/esm/platform/index.js
./node_modules/@opentelemetry/instrumentation/build/esm/index.js
./node_modules/@sentry/opentelemetry/build/cjs/index.js
./node_modules/@sentry/nextjs/build/cjs/server/index.js
./node_modules/@sentry/nextjs/build/cjs/index.server.js
./src/app/global-error.tsx

./node_modules/@opentelemetry/instrumentation-http/node_modules/@opentelemetry/instrumentation/build/esm/platform/node/instrumentation.js
Critical dependency: the request of a dependency is an expression

Import trace for requested module:
./node_modules/@opentelemetry/instrumentation-http/node_modules/@opentelemetry/instrumentation/build/esm/platform/node/instrumentation.js
./node_modules/@opentelemetry/instrumentation-http/node_modules/@opentelemetry/instrumentation/build/esm/platform/node/index.js
./node_modules/@opentelemetry/instrumentation-http/node_modules/@opentelemetry/instrumentation/build/esm/platform/index.js
./node_modules/@opentelemetry/instrumentation-http/node_modules/@opentelemetry/instrumentation/build/esm/index.js
./node_modules/@opentelemetry/instrumentation-http/build/src/http.js
./node_modules/@opentelemetry/instrumentation-http/build/src/index.js
./node_modules/@sentry/node/build/cjs/integrations/http/index.js
./node_modules/@sentry/node/build/cjs/index.js
./node_modules/@sentry/nextjs/build/cjs/index.server.js

./node_modules/@prisma/instrumentation/node_modules/@opentelemetry/instrumentation/build/esm/platform/node/instrumentation.js
Critical dependency: the request of a dependency is an expression

Import trace for requested module:
./node_modules/@prisma/instrumentation/node_modules/@opentelemetry/instrumentation/build/esm/platform/node/instrumentation.js
./node_modules/@prisma/instrumentation/node_modules/@opentelemetry/instrumentation/build/esm/platform/node/index.js
./node_modules/@prisma/instrumentation/node_modules/@opentelemetry/instrumentation/build/esm/platform/index.js
./node_modules/@prisma/instrumentation/node_modules/@opentelemetry/instrumentation/build/esm/index.js
./node_modules/@prisma/instrumentation/dist/chunk-PVBRMQBZ.js
./node_modules/@prisma/instrumentation/dist/index.js
./node_modules/@sentry/node/build/cjs/integrations/tracing/prisma.js
./node_modules/@sentry/node/build/cjs/index.js
./node_modules/@sentry/nextjs/build/cjs/index.server.js
[Web Vitals] TTFB: 6028.800000000745 (poor)
[Performance Budget Violation] TTFB: 6028.800000000745 exceeds threshold 500
[Web Vitals] TTFB: 623.4000000003725 (good)
[Performance Budget Violation] TTFB: 623.4000000003725 exceeds threshold 500
[Web Vitals] FCP: 816 (good)
[Web Vitals] FCP: 6320 (poor)
[Performance Budget Violation] FCP: 6320 exceeds threshold 1800
 POST /api/analytics/web-vitals 200 in 1490ms (compile: 590ms, proxy.ts: 873ms, render: 28ms)
 POST /api/analytics/web-vitals 200 in 2.7s (compile: 1120ms, proxy.ts: 856ms, render: 736ms)
 POST /api/analytics/web-vitals 200 in 2.7s (compile: 1090ms, proxy.ts: 885ms, render: 738ms)
 POST /api/analytics/web-vitals 200 in 2.2s (compile: 599ms, proxy.ts: 863ms, render: 739ms)
 GET / 200 in 934ms (compile: 44ms, proxy.ts: 854ms, render: 36ms)
⚠ ./node_modules/@opentelemetry/instrumentation/build/esm/platform/node/instrumentation.js
Critical dependency: the request of a dependency is an expression

Import trace for requested module:
./node_modules/@opentelemetry/instrumentation/build/esm/platform/node/instrumentation.js
./node_modules/@opentelemetry/instrumentation/build/esm/platform/node/index.js
./node_modules/@opentelemetry/instrumentation/build/esm/platform/index.js
./node_modules/@opentelemetry/instrumentation/build/esm/index.js
./node_modules/@sentry/opentelemetry/build/cjs/index.js
./node_modules/@sentry/nextjs/build/cjs/server/index.js
./node_modules/@sentry/nextjs/build/cjs/index.server.js
./src/app/global-error.tsx

./node_modules/@opentelemetry/instrumentation-http/node_modules/@opentelemetry/instrumentation/build/esm/platform/node/instrumentation.js
Critical dependency: the request of a dependency is an expression

Import trace for requested module:
./node_modules/@opentelemetry/instrumentation-http/node_modules/@opentelemetry/instrumentation/build/esm/platform/node/instrumentation.js
./node_modules/@opentelemetry/instrumentation-http/node_modules/@opentelemetry/instrumentation/build/esm/platform/node/index.js
./node_modules/@opentelemetry/instrumentation-http/node_modules/@opentelemetry/instrumentation/build/esm/platform/index.js
./node_modules/@opentelemetry/instrumentation-http/node_modules/@opentelemetry/instrumentation/build/esm/index.js
./node_modules/@opentelemetry/instrumentation-http/build/src/http.js
./node_modules/@opentelemetry/instrumentation-http/build/src/index.js
./node_modules/@sentry/node/build/cjs/integrations/http/index.js
./node_modules/@sentry/node/build/cjs/index.js
./node_modules/@sentry/nextjs/build/cjs/index.server.js

./node_modules/@prisma/instrumentation/node_modules/@opentelemetry/instrumentation/build/esm/platform/node/instrumentation.js
Critical dependency: the request of a dependency is an expression

Import trace for requested module:
./node_modules/@prisma/instrumentation/node_modules/@opentelemetry/instrumentation/build/esm/platform/node/instrumentation.js
./node_modules/@prisma/instrumentation/node_modules/@opentelemetry/instrumentation/build/esm/platform/node/index.js
./node_modules/@prisma/instrumentation/node_modules/@opentelemetry/instrumentation/build/esm/platform/index.js
./node_modules/@prisma/instrumentation/node_modules/@opentelemetry/instrumentation/build/esm/index.js
./node_modules/@prisma/instrumentation/dist/chunk-PVBRMQBZ.js
./node_modules/@prisma/instrumentation/dist/index.js
./node_modules/@sentry/node/build/cjs/integrations/tracing/prisma.js
./node_modules/@sentry/node/build/cjs/index.js
./node_modules/@sentry/nextjs/build/cjs/index.server.js
⚠ ./node_modules/@opentelemetry/instrumentation/build/esm/platform/node/instrumentation.js
Critical dependency: the request of a dependency is an expression

Import trace for requested module:
./node_modules/@opentelemetry/instrumentation/build/esm/platform/node/instrumentation.js
./node_modules/@opentelemetry/instrumentation/build/esm/platform/node/index.js
./node_modules/@opentelemetry/instrumentation/build/esm/platform/index.js
./node_modules/@opentelemetry/instrumentation/build/esm/index.js
./node_modules/@sentry/opentelemetry/build/cjs/index.js
./node_modules/@sentry/nextjs/build/cjs/server/index.js
./node_modules/@sentry/nextjs/build/cjs/index.server.js
./src/app/global-error.tsx

./node_modules/@opentelemetry/instrumentation-http/node_modules/@opentelemetry/instrumentation/build/esm/platform/node/instrumentation.js
Critical dependency: the request of a dependency is an expression

Import trace for requested module:
./node_modules/@opentelemetry/instrumentation-http/node_modules/@opentelemetry/instrumentation/build/esm/platform/node/instrumentation.js
./node_modules/@opentelemetry/instrumentation-http/node_modules/@opentelemetry/instrumentation/build/esm/platform/node/index.js
./node_modules/@opentelemetry/instrumentation-http/node_modules/@opentelemetry/instrumentation/build/esm/platform/index.js
./node_modules/@opentelemetry/instrumentation-http/node_modules/@opentelemetry/instrumentation/build/esm/index.js
./node_modules/@opentelemetry/instrumentation-http/build/src/http.js
./node_modules/@opentelemetry/instrumentation-http/build/src/index.js
./node_modules/@sentry/node/build/cjs/integrations/http/index.js
./node_modules/@sentry/node/build/cjs/index.js
./node_modules/@sentry/nextjs/build/cjs/index.server.js

./node_modules/@prisma/instrumentation/node_modules/@opentelemetry/instrumentation/build/esm/platform/node/instrumentation.js
Critical dependency: the request of a dependency is an expression

Import trace for requested module:
./node_modules/@prisma/instrumentation/node_modules/@opentelemetry/instrumentation/build/esm/platform/node/instrumentation.js
./node_modules/@prisma/instrumentation/node_modules/@opentelemetry/instrumentation/build/esm/platform/node/index.js
./node_modules/@prisma/instrumentation/node_modules/@opentelemetry/instrumentation/build/esm/platform/index.js
./node_modules/@prisma/instrumentation/node_modules/@opentelemetry/instrumentation/build/esm/index.js
./node_modules/@prisma/instrumentation/dist/chunk-PVBRMQBZ.js
./node_modules/@prisma/instrumentation/dist/index.js
./node_modules/@sentry/node/build/cjs/integrations/tracing/prisma.js
./node_modules/@sentry/node/build/cjs/index.js
./node_modules/@sentry/nextjs/build/cjs/index.server.js
[Web Vitals] LCP: 2268 (good)
 POST /api/analytics/web-vitals 200 in 2.6s (compile: 1394ms, proxy.ts: 1179ms, render: 39ms)
 GET /workers 200 in 2.6s (compile: 1403ms, proxy.ts: 1180ms, render: 48ms)
 GET /workers 200 in 805ms (compile: 4ms, proxy.ts: 361ms, render: 439ms)
[Web Vitals] TTFB: 830.1999999992549 (needs-improvement)
[Performance Budget Violation] TTFB: 830.1999999992549 exceeds threshold 500
[Web Vitals] FCP: 1140 (good)
 POST /api/analytics/web-vitals 200 in 530ms (compile: 2ms, proxy.ts: 524ms, render: 4ms)
 POST /api/analytics/web-vitals 200 in 1026ms (compile: 4ms, proxy.ts: 510ms, render: 512ms)
 GET / 200 in 1011ms (compile: 21ms, proxy.ts: 976ms, render: 15ms)
 GET / 200 in 590ms (compile: 6ms, proxy.ts: 517ms, render: 67ms)
[Web Vitals] FCP: 696 (good)
 POST /api/analytics/web-vitals 200 in 527ms (compile: 2ms, proxy.ts: 521ms, render: 4ms)
[Web Vitals] TTFB: 595.7000000001863 (good)
[Performance Budget Violation] TTFB: 595.7000000001863 exceeds threshold 500
 POST /api/analytics/web-vitals 200 in 1244ms (compile: 1850µs, proxy.ts: 718ms, render: 524ms)
⚠ ./node_modules/@opentelemetry/instrumentation/build/esm/platform/node/instrumentation.js
Critical dependency: the request of a dependency is an expression

Import trace for requested module:
./node_modules/@opentelemetry/instrumentation/build/esm/platform/node/instrumentation.js
./node_modules/@opentelemetry/instrumentation/build/esm/platform/node/index.js
./node_modules/@opentelemetry/instrumentation/build/esm/platform/index.js
./node_modules/@opentelemetry/instrumentation/build/esm/index.js
./node_modules/@sentry/opentelemetry/build/cjs/index.js
./node_modules/@sentry/nextjs/build/cjs/server/index.js
./node_modules/@sentry/nextjs/build/cjs/index.server.js
./src/app/global-error.tsx

./node_modules/@opentelemetry/instrumentation-http/node_modules/@opentelemetry/instrumentation/build/esm/platform/node/instrumentation.js
Critical dependency: the request of a dependency is an expression

Import trace for requested module:
./node_modules/@opentelemetry/instrumentation-http/node_modules/@opentelemetry/instrumentation/build/esm/platform/node/instrumentation.js
./node_modules/@opentelemetry/instrumentation-http/node_modules/@opentelemetry/instrumentation/build/esm/platform/node/index.js
./node_modules/@opentelemetry/instrumentation-http/node_modules/@opentelemetry/instrumentation/build/esm/platform/index.js
./node_modules/@opentelemetry/instrumentation-http/node_modules/@opentelemetry/instrumentation/build/esm/index.js
./node_modules/@opentelemetry/instrumentation-http/build/src/http.js
./node_modules/@opentelemetry/instrumentation-http/build/src/index.js
./node_modules/@sentry/node/build/cjs/integrations/http/index.js
./node_modules/@sentry/node/build/cjs/index.js
./node_modules/@sentry/nextjs/build/cjs/index.server.js

./node_modules/@prisma/instrumentation/node_modules/@opentelemetry/instrumentation/build/esm/platform/node/instrumentation.js
Critical dependency: the request of a dependency is an expression

Import trace for requested module:
./node_modules/@prisma/instrumentation/node_modules/@opentelemetry/instrumentation/build/esm/platform/node/instrumentation.js
./node_modules/@prisma/instrumentation/node_modules/@opentelemetry/instrumentation/build/esm/platform/node/index.js
./node_modules/@prisma/instrumentation/node_modules/@opentelemetry/instrumentation/build/esm/platform/index.js
./node_modules/@prisma/instrumentation/node_modules/@opentelemetry/instrumentation/build/esm/index.js
./node_modules/@prisma/instrumentation/dist/chunk-PVBRMQBZ.js
./node_modules/@prisma/instrumentation/dist/index.js
./node_modules/@sentry/node/build/cjs/integrations/tracing/prisma.js
./node_modules/@sentry/node/build/cjs/index.js
./node_modules/@sentry/nextjs/build/cjs/index.server.js
⚠ ./node_modules/@opentelemetry/instrumentation/build/esm/platform/node/instrumentation.js
Critical dependency: the request of a dependency is an expression

Import trace for requested module:
./node_modules/@opentelemetry/instrumentation/build/esm/platform/node/instrumentation.js
./node_modules/@opentelemetry/instrumentation/build/esm/platform/node/index.js
./node_modules/@opentelemetry/instrumentation/build/esm/platform/index.js
./node_modules/@opentelemetry/instrumentation/build/esm/index.js
./node_modules/@sentry/opentelemetry/build/cjs/index.js
./node_modules/@sentry/nextjs/build/cjs/server/index.js
./node_modules/@sentry/nextjs/build/cjs/index.server.js
./src/app/global-error.tsx

./node_modules/@opentelemetry/instrumentation-http/node_modules/@opentelemetry/instrumentation/build/esm/platform/node/instrumentation.js
Critical dependency: the request of a dependency is an expression

Import trace for requested module:
./node_modules/@opentelemetry/instrumentation-http/node_modules/@opentelemetry/instrumentation/build/esm/platform/node/instrumentation.js
./node_modules/@opentelemetry/instrumentation-http/node_modules/@opentelemetry/instrumentation/build/esm/platform/node/index.js
./node_modules/@opentelemetry/instrumentation-http/node_modules/@opentelemetry/instrumentation/build/esm/platform/index.js
./node_modules/@opentelemetry/instrumentation-http/node_modules/@opentelemetry/instrumentation/build/esm/index.js
./node_modules/@opentelemetry/instrumentation-http/build/src/http.js
./node_modules/@opentelemetry/instrumentation-http/build/src/index.js
./node_modules/@sentry/node/build/cjs/integrations/http/index.js
./node_modules/@sentry/node/build/cjs/index.js
./node_modules/@sentry/nextjs/build/cjs/index.server.js

./node_modules/@prisma/instrumentation/node_modules/@opentelemetry/instrumentation/build/esm/platform/node/instrumentation.js
Critical dependency: the request of a dependency is an expression

Import trace for requested module:
./node_modules/@prisma/instrumentation/node_modules/@opentelemetry/instrumentation/build/esm/platform/node/instrumentation.js
./node_modules/@prisma/instrumentation/node_modules/@opentelemetry/instrumentation/build/esm/platform/node/index.js
./node_modules/@prisma/instrumentation/node_modules/@opentelemetry/instrumentation/build/esm/platform/index.js
./node_modules/@prisma/instrumentation/node_modules/@opentelemetry/instrumentation/build/esm/index.js
./node_modules/@prisma/instrumentation/dist/chunk-PVBRMQBZ.js
./node_modules/@prisma/instrumentation/dist/index.js
./node_modules/@sentry/node/build/cjs/integrations/tracing/prisma.js
./node_modules/@sentry/node/build/cjs/index.js
./node_modules/@sentry/nextjs/build/cjs/index.server.js
 GET /my 200 in 1701ms (compile: 1135ms, proxy.ts: 525ms, render: 42ms)
 GET /my 200 in 875ms (compile: 6ms, proxy.ts: 509ms, render: 360ms)
[Web Vitals] FCP: 964 (good)
 POST /api/analytics/web-vitals 200 in 561ms (compile: 36ms, proxy.ts: 518ms, render: 6ms)
[Web Vitals] TTFB: 907.7000000001863 (needs-improvement)
[Performance Budget Violation] TTFB: 907.7000000001863 exceeds threshold 500
 POST /api/analytics/web-vitals 200 in 1630ms (compile: 3ms, proxy.ts: 1118ms, render: 510ms)
⚠ ./node_modules/@opentelemetry/instrumentation/build/esm/platform/node/instrumentation.js
Critical dependency: the request of a dependency is an expression

Import trace for requested module:
./node_modules/@opentelemetry/instrumentation/build/esm/platform/node/instrumentation.js
./node_modules/@opentelemetry/instrumentation/build/esm/platform/node/index.js
./node_modules/@opentelemetry/instrumentation/build/esm/platform/index.js
./node_modules/@opentelemetry/instrumentation/build/esm/index.js
./node_modules/@sentry/opentelemetry/build/cjs/index.js
./node_modules/@sentry/nextjs/build/cjs/server/index.js
./node_modules/@sentry/nextjs/build/cjs/index.server.js
./src/app/global-error.tsx

./node_modules/@opentelemetry/instrumentation-http/node_modules/@opentelemetry/instrumentation/build/esm/platform/node/instrumentation.js
Critical dependency: the request of a dependency is an expression

Import trace for requested module:
./node_modules/@opentelemetry/instrumentation-http/node_modules/@opentelemetry/instrumentation/build/esm/platform/node/instrumentation.js
./node_modules/@opentelemetry/instrumentation-http/node_modules/@opentelemetry/instrumentation/build/esm/platform/node/index.js
./node_modules/@opentelemetry/instrumentation-http/node_modules/@opentelemetry/instrumentation/build/esm/platform/index.js
./node_modules/@opentelemetry/instrumentation-http/node_modules/@opentelemetry/instrumentation/build/esm/index.js
./node_modules/@opentelemetry/instrumentation-http/build/src/http.js
./node_modules/@opentelemetry/instrumentation-http/build/src/index.js
./node_modules/@sentry/node/build/cjs/integrations/http/index.js
./node_modules/@sentry/node/build/cjs/index.js
./node_modules/@sentry/nextjs/build/cjs/index.server.js

./node_modules/@prisma/instrumentation/node_modules/@opentelemetry/instrumentation/build/esm/platform/node/instrumentation.js
Critical dependency: the request of a dependency is an expression

Import trace for requested module:
./node_modules/@prisma/instrumentation/node_modules/@opentelemetry/instrumentation/build/esm/platform/node/instrumentation.js
./node_modules/@prisma/instrumentation/node_modules/@opentelemetry/instrumentation/build/esm/platform/node/index.js
./node_modules/@prisma/instrumentation/node_modules/@opentelemetry/instrumentation/build/esm/platform/index.js
./node_modules/@prisma/instrumentation/node_modules/@opentelemetry/instrumentation/build/esm/index.js
./node_modules/@prisma/instrumentation/dist/chunk-PVBRMQBZ.js
./node_modules/@prisma/instrumentation/dist/index.js
./node_modules/@sentry/node/build/cjs/integrations/tracing/prisma.js
./node_modules/@sentry/node/build/cjs/index.js
./node_modules/@sentry/nextjs/build/cjs/index.server.js
⚠ ./node_modules/@opentelemetry/instrumentation/build/esm/platform/node/instrumentation.js
Critical dependency: the request of a dependency is an expression

Import trace for requested module:
./node_modules/@opentelemetry/instrumentation/build/esm/platform/node/instrumentation.js
./node_modules/@opentelemetry/instrumentation/build/esm/platform/node/index.js
./node_modules/@opentelemetry/instrumentation/build/esm/platform/index.js
./node_modules/@opentelemetry/instrumentation/build/esm/index.js
./node_modules/@sentry/opentelemetry/build/cjs/index.js
./node_modules/@sentry/nextjs/build/cjs/server/index.js
./node_modules/@sentry/nextjs/build/cjs/index.server.js
./src/app/global-error.tsx

./node_modules/@opentelemetry/instrumentation-http/node_modules/@opentelemetry/instrumentation/build/esm/platform/node/instrumentation.js
Critical dependency: the request of a dependency is an expression

Import trace for requested module:
./node_modules/@opentelemetry/instrumentation-http/node_modules/@opentelemetry/instrumentation/build/esm/platform/node/instrumentation.js
./node_modules/@opentelemetry/instrumentation-http/node_modules/@opentelemetry/instrumentation/build/esm/platform/node/index.js
./node_modules/@opentelemetry/instrumentation-http/node_modules/@opentelemetry/instrumentation/build/esm/platform/index.js
./node_modules/@opentelemetry/instrumentation-http/node_modules/@opentelemetry/instrumentation/build/esm/index.js
./node_modules/@opentelemetry/instrumentation-http/build/src/http.js
./node_modules/@opentelemetry/instrumentation-http/build/src/index.js
./node_modules/@sentry/node/build/cjs/integrations/http/index.js
./node_modules/@sentry/node/build/cjs/index.js
./node_modules/@sentry/nextjs/build/cjs/index.server.js

./node_modules/@prisma/instrumentation/node_modules/@opentelemetry/instrumentation/build/esm/platform/node/instrumentation.js
Critical dependency: the request of a dependency is an expression

Import trace for requested module:
./node_modules/@prisma/instrumentation/node_modules/@opentelemetry/instrumentation/build/esm/platform/node/instrumentation.js
./node_modules/@prisma/instrumentation/node_modules/@opentelemetry/instrumentation/build/esm/platform/node/index.js
./node_modules/@prisma/instrumentation/node_modules/@opentelemetry/instrumentation/build/esm/platform/index.js
./node_modules/@prisma/instrumentation/node_modules/@opentelemetry/instrumentation/build/esm/index.js
./node_modules/@prisma/instrumentation/dist/chunk-PVBRMQBZ.js
./node_modules/@prisma/instrumentation/dist/index.js
./node_modules/@sentry/node/build/cjs/integrations/tracing/prisma.js
./node_modules/@sentry/node/build/cjs/index.js
./node_modules/@sentry/nextjs/build/cjs/index.server.js
[Web Vitals] LCP: 1312 (good)
 POST /api/analytics/web-vitals 200 in 1966ms (compile: 1071ms, proxy.ts: 864ms, render: 31ms)
 GET /missionary-dashboard/feed 200 in 1972ms (compile: 1085ms, proxy.ts: 854ms, render: 33ms)
 GET /missionary-dashboard/feed 200 in 846ms (compile: 6ms, proxy.ts: 526ms, render: 314ms)
[Web Vitals] FCP: 912 (good)
[Web Vitals] TTFB: 861.7000000001863 (needs-improvement)
[Performance Budget Violation] TTFB: 861.7000000001863 exceeds threshold 500
 POST /api/analytics/web-vitals 200 in 525ms (compile: 5ms, proxy.ts: 512ms, render: 8ms)
 POST /api/analytics/web-vitals 200 in 1049ms (compile: 4ms, proxy.ts: 513ms, render: 532ms)
<w> [webpack.cache.PackFileCacheStrategy] Serializing big strings (129kiB) impacts deserialization performance (consider using Buffer instead and decode when needed)
[Web Vitals] LCP: 912 (good)
 POST /api/analytics/web-vitals 200 in 716ms (compile: 5ms, proxy.ts: 706ms, render: 5ms)
⚠ ./node_modules/@opentelemetry/instrumentation/build/esm/platform/node/instrumentation.js
Critical dependency: the request of a dependency is an expression

Import trace for requested module:
./node_modules/@opentelemetry/instrumentation/build/esm/platform/node/instrumentation.js
./node_modules/@opentelemetry/instrumentation/build/esm/platform/node/index.js
./node_modules/@opentelemetry/instrumentation/build/esm/platform/index.js
./node_modules/@opentelemetry/instrumentation/build/esm/index.js
./node_modules/@sentry/opentelemetry/build/cjs/index.js
./node_modules/@sentry/nextjs/build/cjs/server/index.js
./node_modules/@sentry/nextjs/build/cjs/index.server.js
./src/app/global-error.tsx

./node_modules/@opentelemetry/instrumentation-http/node_modules/@opentelemetry/instrumentation/build/esm/platform/node/instrumentation.js
Critical dependency: the request of a dependency is an expression

Import trace for requested module:
./node_modules/@opentelemetry/instrumentation-http/node_modules/@opentelemetry/instrumentation/build/esm/platform/node/instrumentation.js
./node_modules/@opentelemetry/instrumentation-http/node_modules/@opentelemetry/instrumentation/build/esm/platform/node/index.js
./node_modules/@opentelemetry/instrumentation-http/node_modules/@opentelemetry/instrumentation/build/esm/platform/index.js
./node_modules/@opentelemetry/instrumentation-http/node_modules/@opentelemetry/instrumentation/build/esm/index.js
./node_modules/@opentelemetry/instrumentation-http/build/src/http.js
./node_modules/@opentelemetry/instrumentation-http/build/src/index.js
./node_modules/@sentry/node/build/cjs/integrations/http/index.js
./node_modules/@sentry/node/build/cjs/index.js
./node_modules/@sentry/nextjs/build/cjs/index.server.js

./node_modules/@prisma/instrumentation/node_modules/@opentelemetry/instrumentation/build/esm/platform/node/instrumentation.js
Critical dependency: the request of a dependency is an expression

Import trace for requested module:
./node_modules/@prisma/instrumentation/node_modules/@opentelemetry/instrumentation/build/esm/platform/node/instrumentation.js
./node_modules/@prisma/instrumentation/node_modules/@opentelemetry/instrumentation/build/esm/platform/node/index.js
./node_modules/@prisma/instrumentation/node_modules/@opentelemetry/instrumentation/build/esm/platform/index.js
./node_modules/@prisma/instrumentation/node_modules/@opentelemetry/instrumentation/build/esm/index.js
./node_modules/@prisma/instrumentation/dist/chunk-PVBRMQBZ.js
./node_modules/@prisma/instrumentation/dist/index.js
./node_modules/@sentry/node/build/cjs/integrations/tracing/prisma.js
./node_modules/@sentry/node/build/cjs/index.js
./node_modules/@sentry/nextjs/build/cjs/index.server.js
⚠ ./node_modules/@opentelemetry/instrumentation/build/esm/platform/node/instrumentation.js
Critical dependency: the request of a dependency is an expression

Import trace for requested module:
./node_modules/@opentelemetry/instrumentation/build/esm/platform/node/instrumentation.js
./node_modules/@opentelemetry/instrumentation/build/esm/platform/node/index.js
./node_modules/@opentelemetry/instrumentation/build/esm/platform/index.js
./node_modules/@opentelemetry/instrumentation/build/esm/index.js
./node_modules/@sentry/opentelemetry/build/cjs/index.js
./node_modules/@sentry/nextjs/build/cjs/server/index.js
./node_modules/@sentry/nextjs/build/cjs/index.server.js
./src/app/global-error.tsx

./node_modules/@opentelemetry/instrumentation-http/node_modules/@opentelemetry/instrumentation/build/esm/platform/node/instrumentation.js
Critical dependency: the request of a dependency is an expression

Import trace for requested module:
./node_modules/@opentelemetry/instrumentation-http/node_modules/@opentelemetry/instrumentation/build/esm/platform/node/instrumentation.js
./node_modules/@opentelemetry/instrumentation-http/node_modules/@opentelemetry/instrumentation/build/esm/platform/node/index.js
./node_modules/@opentelemetry/instrumentation-http/node_modules/@opentelemetry/instrumentation/build/esm/platform/index.js
./node_modules/@opentelemetry/instrumentation-http/node_modules/@opentelemetry/instrumentation/build/esm/index.js
./node_modules/@opentelemetry/instrumentation-http/build/src/http.js
./node_modules/@opentelemetry/instrumentation-http/build/src/index.js
./node_modules/@sentry/node/build/cjs/integrations/http/index.js
./node_modules/@sentry/node/build/cjs/index.js
./node_modules/@sentry/nextjs/build/cjs/index.server.js

./node_modules/@prisma/instrumentation/node_modules/@opentelemetry/instrumentation/build/esm/platform/node/instrumentation.js
Critical dependency: the request of a dependency is an expression

Import trace for requested module:
./node_modules/@prisma/instrumentation/node_modules/@opentelemetry/instrumentation/build/esm/platform/node/instrumentation.js
./node_modules/@prisma/instrumentation/node_modules/@opentelemetry/instrumentation/build/esm/platform/node/index.js
./node_modules/@prisma/instrumentation/node_modules/@opentelemetry/instrumentation/build/esm/platform/index.js
./node_modules/@prisma/instrumentation/node_modules/@opentelemetry/instrumentation/build/esm/index.js
./node_modules/@prisma/instrumentation/dist/chunk-PVBRMQBZ.js
./node_modules/@prisma/instrumentation/dist/index.js
./node_modules/@sentry/node/build/cjs/integrations/tracing/prisma.js
./node_modules/@sentry/node/build/cjs/index.js
./node_modules/@sentry/nextjs/build/cjs/index.server.js
 GET /missionary-dashboard/donors 200 in 1893ms (compile: 1017ms, proxy.ts: 846ms, render: 29ms)
 GET /missionary-dashboard/donors 200 in 613ms (compile: 4ms, proxy.ts: 326ms, render: 283ms)
[Web Vitals] FCP: 672 (good)
 POST /api/analytics/web-vitals 200 in 532ms (compile: 34ms, proxy.ts: 495ms, render: 4ms)
[Web Vitals] TTFB: 624.2000000001863 (good)
[Performance Budget Violation] TTFB: 624.2000000001863 exceeds threshold 500
 POST /api/analytics/web-vitals 200 in 1061ms (compile: 2ms, proxy.ts: 533ms, render: 526ms)
 GET /missionary-dashboard/donors 200 in 2.8s (compile: 8ms, proxy.ts: 2.7s, render: 71ms)
[Web Vitals] FCP: 2900 (needs-improvement)
[Performance Budget Violation] FCP: 2900 exceeds threshold 1800
[Web Vitals] TTFB: 2831.7000000001863 (poor)
[Performance Budget Violation] TTFB: 2831.7000000001863 exceeds threshold 500
 POST /api/analytics/web-vitals 200 in 1287ms (compile: 2ms, proxy.ts: 398ms, render: 886ms)
 POST /api/analytics/web-vitals 200 in 1713ms (compile: 4ms, proxy.ts: 1100ms, render: 609ms)
⚠ Found a change in next.config.ts. Restarting the server to apply the changes...
⚠ Invalid next.config.ts options detected: 
⚠     Unrecognized key(s) in object: 'turbopack' at "experimental"
⚠ See more info here: https://nextjs.org/docs/messages/invalid-next-config
⚠ Warning: Next.js inferred your workspace root, but it may not be correct.
 We detected multiple lockfiles and selected the directory of C:\Users\Conrad\yarn.lock as the root directory.
 To silence this warning, set `outputFileTracingRoot` in your Next.js config, or consider removing one of the lockfiles if it's not needed.
   See https://nextjs.org/docs/app/api-reference/config/next-config-js/output#caveats for more information.
 Detected additional lockfiles: 
   * C:\Users\Conrad\orchids-projects\Asym-Orchids-v0.1\package-lock.json

▲ Next.js 16.1.0 (webpack)
- Local:         http://localhost:3000
- Network:       http://10.2.0.2:3000
- Environments: .env.local

✓ Starting...
⚠ The "middleware" file convention is deprecated. Please use "proxy" instead. Learn more: https://nextjs.org/docs/messages/middleware-to-proxy
⚠ ./node_modules/@opentelemetry/instrumentation/build/esm/platform/node/instrumentation.js
Critical dependency: the request of a dependency is an expression

Import trace for requested module:
./node_modules/@opentelemetry/instrumentation/build/esm/platform/node/instrumentation.js
./node_modules/@opentelemetry/instrumentation/build/esm/platform/node/index.js
./node_modules/@opentelemetry/instrumentation/build/esm/platform/index.js
./node_modules/@opentelemetry/instrumentation/build/esm/index.js
./node_modules/@sentry/opentelemetry/build/cjs/index.js
./node_modules/@sentry/nextjs/build/cjs/server/index.js
./node_modules/@sentry/nextjs/build/cjs/index.server.js
Sentry DSN not configured
✓ Ready in 3.6s
⚠ ./node_modules/@opentelemetry/instrumentation/build/esm/platform/node/instrumentation.js
Critical dependency: the request of a dependency is an expression

Import trace for requested module:
./node_modules/@opentelemetry/instrumentation/build/esm/platform/node/instrumentation.js
./node_modules/@opentelemetry/instrumentation/build/esm/platform/node/index.js
./node_modules/@opentelemetry/instrumentation/build/esm/platform/index.js
./node_modules/@opentelemetry/instrumentation/build/esm/index.js
./node_modules/@sentry/opentelemetry/build/cjs/index.js
./node_modules/@sentry/nextjs/build/cjs/server/index.js
./node_modules/@sentry/nextjs/build/cjs/index.server.js
⚠ ./node_modules/@opentelemetry/instrumentation/build/esm/platform/node/instrumentation.js
Critical dependency: the request of a dependency is an expression

Import trace for requested module:
./node_modules/@opentelemetry/instrumentation/build/esm/platform/node/instrumentation.js
./node_modules/@opentelemetry/instrumentation/build/esm/platform/node/index.js
./node_modules/@opentelemetry/instrumentation/build/esm/platform/index.js
./node_modules/@opentelemetry/instrumentation/build/esm/index.js
./node_modules/@sentry/opentelemetry/build/cjs/index.js
./node_modules/@sentry/nextjs/build/cjs/server/index.js
./node_modules/@sentry/nextjs/build/cjs/index.server.js
Sentry DSN not configured
<w> [webpack.cache.PackFileCacheStrategy] Serializing big strings (129kiB) impacts deserialization performance (consider using Buffer instead and decode when needed)
○ Compiling middleware ...
⚠ ./node_modules/@opentelemetry/instrumentation/build/esm/platform/node/instrumentation.js
Critical dependency: the request of a dependency is an expression

Import trace for requested module:
./node_modules/@opentelemetry/instrumentation/build/esm/platform/node/instrumentation.js
./node_modules/@opentelemetry/instrumentation/build/esm/platform/node/index.js
./node_modules/@opentelemetry/instrumentation/build/esm/platform/index.js
./node_modules/@opentelemetry/instrumentation/build/esm/index.js
./node_modules/@sentry/opentelemetry/build/cjs/index.js
./node_modules/@sentry/nextjs/build/cjs/server/index.js
./node_modules/@sentry/nextjs/build/cjs/index.server.js
⚠ Found a change in next.config.ts. Restarting the server to apply the changes...
⚠ Invalid next.config.ts options detected: 
⚠     Unrecognized key(s) in object: 'turbopack' at "experimental"
⚠ See more info here: https://nextjs.org/docs/messages/invalid-next-config
⚠ Warning: Next.js inferred your workspace root, but it may not be correct.
 We detected multiple lockfiles and selected the directory of C:\Users\Conrad\yarn.lock as the root directory.
 To silence this warning, set `outputFileTracingRoot` in your Next.js config, or consider removing one of the lockfiles if it's not needed.
   See https://nextjs.org/docs/app/api-reference/config/next-config-js/output#caveats for more information.
 Detected additional lockfiles: 
   * C:\Users\Conrad\orchids-projects\Asym-Orchids-v0.1\package-lock.json

▲ Next.js 16.1.0 (webpack)
- Local:         http://localhost:3000
- Network:       http://10.2.0.2:3000
- Environments: .env.local

✓ Starting...
⚠ The "middleware" file convention is deprecated. Please use "proxy" instead. Learn more: https://nextjs.org/docs/messages/middleware-to-proxy
⚠ ./node_modules/@opentelemetry/instrumentation/build/esm/platform/node/instrumentation.js
Critical dependency: the request of a dependency is an expression

Import trace for requested module:
./node_modules/@opentelemetry/instrumentation/build/esm/platform/node/instrumentation.js
./node_modules/@opentelemetry/instrumentation/build/esm/platform/node/index.js
./node_modules/@opentelemetry/instrumentation/build/esm/platform/index.js
./node_modules/@opentelemetry/instrumentation/build/esm/index.js
./node_modules/@sentry/node/build/cjs/integrations/node-fetch.js
./node_modules/@sentry/node/build/cjs/index.js
./node_modules/@sentry/nextjs/build/cjs/index.server.js
Sentry DSN not configured
✓ Ready in 3.1s
○ Compiling /instrumentation ...
⚠ ./node_modules/@opentelemetry/instrumentation/build/esm/platform/node/instrumentation.js
Critical dependency: the request of a dependency is an expression

Import trace for requested module:
./node_modules/@opentelemetry/instrumentation/build/esm/platform/node/instrumentation.js
./node_modules/@opentelemetry/instrumentation/build/esm/platform/node/index.js
./node_modules/@opentelemetry/instrumentation/build/esm/platform/index.js
./node_modules/@opentelemetry/instrumentation/build/esm/index.js
./node_modules/@sentry/node/build/cjs/integrations/node-fetch.js
./node_modules/@sentry/node/build/cjs/index.js
./node_modules/@sentry/nextjs/build/cjs/index.server.js
⚠ ./node_modules/@opentelemetry/instrumentation/build/esm/platform/node/instrumentation.js
Critical dependency: the request of a dependency is an expression

Import trace for requested module:
./node_modules/@opentelemetry/instrumentation/build/esm/platform/node/instrumentation.js
./node_modules/@opentelemetry/instrumentation/build/esm/platform/node/index.js
./node_modules/@opentelemetry/instrumentation/build/esm/platform/index.js
./node_modules/@opentelemetry/instrumentation/build/esm/index.js
./node_modules/@sentry/node/build/cjs/integrations/node-fetch.js
./node_modules/@sentry/node/build/cjs/index.js
./node_modules/@sentry/nextjs/build/cjs/index.server.js
Sentry DSN not configured
⚠ ./node_modules/@opentelemetry/instrumentation/build/esm/platform/node/instrumentation.js
Critical dependency: the request of a dependency is an expression

Import trace for requested module:
./node_modules/@opentelemetry/instrumentation/build/esm/platform/node/instrumentation.js
./node_modules/@opentelemetry/instrumentation/build/esm/platform/node/index.js
./node_modules/@opentelemetry/instrumentation/build/esm/platform/index.js
./node_modules/@opentelemetry/instrumentation/build/esm/index.js
./node_modules/@sentry/node/build/cjs/integrations/node-fetch.js
./node_modules/@sentry/node/build/cjs/index.js
./node_modules/@sentry/nextjs/build/cjs/index.server.js
